# JRE version: Java(TM) SE Runtime Environment (8.0_141-b15) (build 1.8.0_141-b15)
# Java VM: Java HotSpot(TM) 64-Bit Server VM (25.141-b15 mixed mode windows-amd64 compressed oops)
Heap:
 PSYoungGen      total 190464K, used 30077K [0x00000000d7400000, 0x00000000e9000000, 0x0000000100000000)
  eden space 178688K, 13% used [0x00000000d7400000,0x00000000d8ac83d0,0x00000000e2280000)
  from space 11776K, 57% used [0x00000000e2280000,0x00000000e2917290,0x00000000e2e00000)
  to   space 11776K, 0% used [0x00000000e8480000,0x00000000e8480000,0x00000000e9000000)
 ParOldGen       total 82432K, used 10830K [0x0000000085c00000, 0x000000008ac80000, 0x00000000d7400000)
  object space 82432K, 13% used [0x0000000085c00000,0x0000000086693930,0x000000008ac80000)
 Metaspace       used 41257K, capacity 41794K, committed 41984K, reserved 1085440K
  class space    used 5912K, capacity 6036K, committed 6144K, reserved 1048576K
GC Heap History (10 events):
Event: 7.400 GC heap before
{Heap before GC invocations=6 (full 2):
 PSYoungGen      total 110080K, used 2464K [0x00000000d7400000, 0x00000000dec00000, 0x0000000100000000)
  eden space 104960K, 0% used [0x00000000d7400000,0x00000000d7400000,0x00000000dda80000)
  from space 5120K, 48% used [0x00000000ddf80000,0x00000000de1e8078,0x00000000de480000)
  to   space 5120K, 0% used [0x00000000dda80000,0x00000000dda80000,0x00000000ddf80000)
 ParOldGen       total 45568K, used 4951K [0x0000000085c00000, 0x0000000088880000, 0x00000000d7400000)
  object space 45568K, 10% used [0x0000000085c00000,0x00000000860d5ff8,0x0000000088880000)
 Metaspace       used 20951K, capacity 21170K, committed 21296K, reserved 1069056K
  class space    used 2861K, capacity 2941K, committed 2944K, reserved 1048576K
Event: 7.423 GC heap after
Heap after GC invocations=6 (full 2):
 PSYoungGen      total 110080K, used 0K [0x00000000d7400000, 0x00000000dec00000, 0x0000000100000000)
  eden space 104960K, 0% used [0x00000000d7400000,0x00000000d7400000,0x00000000dda80000)
  from space 5120K, 0% used [0x00000000ddf80000,0x00000000ddf80000,0x00000000de480000)
  to   space 5120K, 0% used [0x00000000dda80000,0x00000000dda80000,0x00000000ddf80000)
 ParOldGen       total 58880K, used 4567K [0x0000000085c00000, 0x0000000089580000, 0x00000000d7400000)
  object space 58880K, 7% used [0x0000000085c00000,0x0000000086075d40,0x0000000089580000)
 Metaspace       used 20951K, capacity 21170K, committed 21296K, reserved 1069056K
  class space    used 2861K, capacity 2941K, committed 2944K, reserved 1048576K
}
Event: 10.387 GC heap before
{Heap before GC invocations=7 (full 2):
 PSYoungGen      total 110080K, used 104960K [0x00000000d7400000, 0x00000000dec00000, 0x0000000100000000)
  eden space 104960K, 100% used [0x00000000d7400000,0x00000000dda80000,0x00000000dda80000)
  from space 5120K, 0% used [0x00000000ddf80000,0x00000000ddf80000,0x00000000de480000)
  to   space 5120K, 0% used [0x00000000dda80000,0x00000000dda80000,0x00000000ddf80000)
 ParOldGen       total 58880K, used 4567K [0x0000000085c00000, 0x0000000089580000, 0x00000000d7400000)
  object space 58880K, 7% used [0x0000000085c00000,0x0000000086075d40,0x0000000089580000)
 Metaspace       used 31070K, capacity 31364K, committed 31616K, reserved 1077248K
  class space    used 4388K, capacity 4480K, committed 4480K, reserved 1048576K
Event: 10.423 GC heap after
Heap after GC invocations=7 (full 2):
 PSYoungGen      total 110080K, used 5102K [0x00000000d7400000, 0x00000000e3d00000, 0x0000000100000000)
  eden space 104960K, 0% used [0x00000000d7400000,0x00000000d7400000,0x00000000dda80000)
  from space 5120K, 99% used [0x00000000dda80000,0x00000000ddf7b9f0,0x00000000ddf80000)
  to   space 12288K, 0% used [0x00000000e3100000,0x00000000e3100000,0x00000000e3d00000)
 ParOldGen       total 58880K, used 10520K [0x0000000085c00000, 0x0000000089580000, 0x00000000d7400000)
  object space 58880K, 17% used [0x0000000085c00000,0x0000000086646328,0x0000000089580000)
 Metaspace       used 31070K, capacity 31364K, committed 31616K, reserved 1077248K
  class space    used 4388K, capacity 4480K, committed 4480K, reserved 1048576K
}
Event: 11.556 GC heap before
{Heap before GC invocations=8 (full 2):
 PSYoungGen      total 110080K, used 46864K [0x00000000d7400000, 0x00000000e3d00000, 0x0000000100000000)
  eden space 104960K, 39% used [0x00000000d7400000,0x00000000d9cc89f8,0x00000000dda80000)
  from space 5120K, 99% used [0x00000000dda80000,0x00000000ddf7b9f0,0x00000000ddf80000)
  to   space 12288K, 0% used [0x00000000e3100000,0x00000000e3100000,0x00000000e3d00000)
 ParOldGen       total 58880K, used 10520K [0x0000000085c00000, 0x0000000089580000, 0x00000000d7400000)
  object space 58880K, 17% used [0x0000000085c00000,0x0000000086646328,0x0000000089580000)
 Metaspace       used 35017K, capacity 35260K, committed 35456K, reserved 1079296K
  class space    used 5038K, capacity 5126K, committed 5248K, reserved 1048576K
Event: 11.565 GC heap after
Heap after GC invocations=8 (full 2):
 PSYoungGen      total 187392K, used 7295K [0x00000000d7400000, 0x00000000e3980000, 0x0000000100000000)
  eden space 178688K, 0% used [0x00000000d7400000,0x00000000d7400000,0x00000000e2280000)
  from space 8704K, 83% used [0x00000000e3100000,0x00000000e381ffa8,0x00000000e3980000)
  to   space 11776K, 0% used [0x00000000e2280000,0x00000000e2280000,0x00000000e2e00000)
 ParOldGen       total 58880K, used 10528K [0x0000000085c00000, 0x0000000089580000, 0x00000000d7400000)
  object space 58880K, 17% used [0x0000000085c00000,0x0000000086648328,0x0000000089580000)
 Metaspace       used 35017K, capacity 35260K, committed 35456K, reserved 1079296K
  class space    used 5038K, capacity 5126K, committed 5248K, reserved 1048576K
}
Event: 11.565 GC heap before
{Heap before GC invocations=9 (full 3):
 PSYoungGen      total 187392K, used 7295K [0x00000000d7400000, 0x00000000e3980000, 0x0000000100000000)
  eden space 178688K, 0% used [0x00000000d7400000,0x00000000d7400000,0x00000000e2280000)
  from space 8704K, 83% used [0x00000000e3100000,0x00000000e381ffa8,0x00000000e3980000)
  to   space 11776K, 0% used [0x00000000e2280000,0x00000000e2280000,0x00000000e2e00000)
 ParOldGen       total 58880K, used 10528K [0x0000000085c00000, 0x0000000089580000, 0x00000000d7400000)
  object space 58880K, 17% used [0x0000000085c00000,0x0000000086648328,0x0000000089580000)
 Metaspace       used 35017K, capacity 35260K, committed 35456K, reserved 1079296K
  class space    used 5038K, capacity 5126K, committed 5248K, reserved 1048576K
Event: 11.643 GC heap after
Heap after GC invocations=9 (full 3):
 PSYoungGen      total 187392K, used 0K [0x00000000d7400000, 0x00000000e3980000, 0x0000000100000000)
  eden space 178688K, 0% used [0x00000000d7400000,0x00000000d7400000,0x00000000e2280000)
  from space 8704K, 0% used [0x00000000e3100000,0x00000000e3100000,0x00000000e3980000)
  to   space 11776K, 0% used [0x00000000e2280000,0x00000000e2280000,0x00000000e2e00000)
 ParOldGen       total 82432K, used 10822K [0x0000000085c00000, 0x000000008ac80000, 0x00000000d7400000)
  object space 82432K, 13% used [0x0000000085c00000,0x0000000086691930,0x000000008ac80000)
 Metaspace       used 35013K, capacity 35254K, committed 35456K, reserved 1079296K
  class space    used 5038K, capacity 5125K, committed 5248K, reserved 1048576K
}
Event: 74.328 GC heap before
{Heap before GC invocations=10 (full 3):
 PSYoungGen      total 187392K, used 177854K [0x00000000d7400000, 0x00000000e3980000, 0x0000000100000000)
  eden space 178688K, 99% used [0x00000000d7400000,0x00000000e21afab8,0x00000000e2280000)
  from space 8704K, 0% used [0x00000000e3100000,0x00000000e3100000,0x00000000e3980000)
  to   space 11776K, 0% used [0x00000000e2280000,0x00000000e2280000,0x00000000e2e00000)
 ParOldGen       total 82432K, used 10822K [0x0000000085c00000, 0x000000008ac80000, 0x00000000d7400000)
  object space 82432K, 13% used [0x0000000085c00000,0x0000000086691930,0x000000008ac80000)
 Metaspace       used 41114K, capacity 41628K, committed 41856K, reserved 1085440K
  class space    used 5890K, capacity 6003K, committed 6016K, reserved 1048576K
Event: 74.336 GC heap after
Heap after GC invocations=10 (full 3):
 PSYoungGen      total 190464K, used 6748K [0x00000000d7400000, 0x00000000e9000000, 0x0000000100000000)
  eden space 178688K, 0% used [0x00000000d7400000,0x00000000d7400000,0x00000000e2280000)
  from space 11776K, 57% used [0x00000000e2280000,0x00000000e2917290,0x00000000e2e00000)
  to   space 11776K, 0% used [0x00000000e8480000,0x00000000e8480000,0x00000000e9000000)
 ParOldGen       total 82432K, used 10830K [0x0000000085c00000, 0x000000008ac80000, 0x00000000d7400000)
  object space 82432K, 13% used [0x0000000085c00000,0x0000000086693930,0x000000008ac80000)
 Metaspace       used 41114K, capacity 41628K, committed 41856K, reserved 1085440K
  class space    used 5890K, capacity 6003K, committed 6016K, reserved 1048576K
}

